2026-07-20T10:52:07.770Z | Write | C:\Dev\Mellerick\.ezra\governance.yaml
2026-07-20T10:52:19.946Z | Write | C:\Dev\Mellerick\.ezra\knowledge.yaml
2026-07-20T10:56:25.906Z | Write | C:\Dev\Mellerick\.ezra\decisions\0001-consensus-plan-review.md
2026-07-20T10:56:36.765Z | Edit | C:\Dev\Mellerick\DECISIONS-FOR-AVI.md
2026-07-20T10:59:50.864Z | Edit | C:\Dev\Mellerick\.gitignore
2026-07-20T11:00:39.572Z | Write | C:\Dev\Mellerick\vitest.config.ts
2026-07-20T11:00:46.641Z | Write | C:\Dev\Mellerick\tests\setup\unit.ts
2026-07-20T11:00:51.847Z | Edit | C:\Dev\Mellerick\package.json
2026-07-20T11:01:06.255Z | Write | C:\Dev\Mellerick\tests\unit\equipment-cost.test.ts
2026-07-20T11:01:15.472Z | Write | C:\Dev\Mellerick\tests\unit\staff-cost.test.ts
2026-07-20T11:01:49.255Z | Write | C:\Dev\Mellerick\tests\unit\labour-billing.test.ts
2026-07-20T11:02:32.822Z | Write | C:\Dev\Mellerick\tests\unit\xero-error.test.ts
2026-07-20T11:02:38.411Z | Write | C:\Dev\Mellerick\tests\unit\business-info.test.ts
2026-07-20T11:03:34.486Z | Edit | C:\Dev\Mellerick\tsconfig.json
2026-07-20T11:04:21.658Z | Edit | C:\Dev\Mellerick\tsconfig.json
2026-07-20T11:04:26.687Z | Edit | C:\Dev\Mellerick\tests\unit\business-info.test.ts
2026-07-20T11:05:11.754Z | Edit | C:\Dev\Mellerick\.github\workflows\ci.yml
2026-07-20T11:05:38.646Z | Write | C:\Dev\Mellerick\.gitattributes
2026-07-20T11:06:35.347Z | Write | C:\Dev\Mellerick\lib\supabase\admin.ts
2026-07-20T11:06:50.831Z | Write | C:\Dev\Mellerick\lib\api\guards.ts
2026-07-20T11:07:04.955Z | Write | C:\Dev\Mellerick\tests\helpers\supabase-mock.ts
2026-07-20T11:07:29.134Z | Write | C:\Dev\Mellerick\tests\unit\guards.test.ts
2026-07-20T11:08:09.747Z | Edit | C:\Dev\Mellerick\app\api\xero\expense-account-code\route.ts
2026-07-20T11:08:13.744Z | Edit | C:\Dev\Mellerick\app\api\xero\sales-account-code\route.ts
2026-07-20T11:08:21.972Z | Edit | C:\Dev\Mellerick\app\api\google\disconnect\route.ts
2026-07-20T11:08:26.000Z | Edit | C:\Dev\Mellerick\app\api\jobs\[id]\sync-calendar\route.ts
2026-07-20T11:08:38.922Z | Write | C:\Dev\Mellerick\app\api\geocode\route.ts
2026-07-20T11:08:56.191Z | Edit | C:\Dev\Mellerick\app\api\jobs\[id]\sync-billing\route.ts
2026-07-20T11:09:12.975Z | Write | C:\Dev\Mellerick\lib\api\job-authz.ts
2026-07-20T11:09:33.713Z | Edit | C:\Dev\Mellerick\app\api\time-entries\[id]\sync-billing\route.ts
2026-07-20T11:10:16.297Z | Edit | C:\Dev\Mellerick\lib\api\job-authz.ts
2026-07-20T11:10:23.482Z | Write | C:\Dev\Mellerick\lib\html.ts
2026-07-20T11:10:45.451Z | Edit | C:\Dev\Mellerick\app\api\backflow\tests\[id]\submit\route.ts
2026-07-20T11:10:57.118Z | Edit | C:\Dev\Mellerick\app\api\backflow\tests\[id]\submit\route.ts
2026-07-20T11:11:21.791Z | Edit | C:\Dev\Mellerick\app\api\backflow\tests\[id]\certificate\route.ts
2026-07-20T11:11:34.350Z | Edit | C:\Dev\Mellerick\app\api\xero\poll-invoices\route.ts
2026-07-20T11:12:32.173Z | Write | C:\Dev\Mellerick\tests\unit\routes-auth.test.ts
2026-07-20T11:13:07.552Z | Write | C:\Dev\Mellerick\tests\unit\job-authz.test.ts
2026-07-20T11:13:14.292Z | Write | C:\Dev\Mellerick\tests\unit\html.test.ts
2026-07-20T11:19:21.866Z | Write | C:\Dev\Mellerick\.ezra\decisions\0002-phase2-authz-review.md
2026-07-20T11:19:27.732Z | Edit | C:\Dev\Mellerick\DECISIONS-FOR-AVI.md
2026-07-20T11:26:12.884Z | Write | C:\Dev\Mellerick\eslint.config.mjs
2026-07-20T11:27:05.472Z | Write | C:\Dev\Mellerick\eslint.config.mjs
2026-07-20T11:27:34.726Z | Edit | C:\Dev\Mellerick\lib\google.ts
2026-07-20T11:27:41.843Z | Edit | C:\Dev\Mellerick\next.config.ts
2026-07-20T11:28:12.593Z | Write | C:\Dev\Mellerick\lib\env.ts
2026-07-20T11:28:20.747Z | Write | C:\Dev\Mellerick\.env.example
2026-07-20T11:28:32.882Z | Write | C:\Dev\Mellerick\tests\unit\env.test.ts
2026-07-20T11:28:51.880Z | Write | C:\Dev\Mellerick\README.md
2026-07-20T11:34:51.465Z | Write | C:\Dev\Mellerick\app\api\xero\auth\route.ts
2026-07-20T11:34:53.770Z | Write | C:\Dev\Mellerick\app\api\google\auth\route.ts
2026-07-20T11:35:03.055Z | Edit | C:\Dev\Mellerick\app\api\xero\callback\route.ts
2026-07-20T11:35:10.509Z | Edit | C:\Dev\Mellerick\app\api\google\callback\route.ts
2026-07-20T11:35:23.744Z | Edit | C:\Dev\Mellerick\app\api\google\poll-calendar\route.ts
2026-07-20T11:35:31.799Z | Edit | C:\Dev\Mellerick\tests\unit\routes-auth.test.ts
2026-07-20T11:35:46.767Z | Edit | C:\Dev\Mellerick\tests\unit\routes-auth.test.ts
2026-07-20T11:38:26.251Z | Write | C:\Dev\Mellerick\.ezra\scans\2026-07-20-route-auth-audit.md
2026-07-20T11:39:10.409Z | Write | C:\Dev\Mellerick\HANDOVER.md
